<?xml version="1.0" encoding="UTF-8"?>
<!-- Generated by org.testng.reporters.JUnitReportReporter -->
<testsuite hostname="DESKTOP-4IMJ5PC" failures="0" tests="3" name="KSKAcademy.tests.submitOrderTest" time="51.873" errors="0" timestamp="29 Apr 2023 07:05:24 GMT" skipped="0">
  <testcase classname="KSKAcademy.tests.submitOrderTest" name="OrderHistoryTest" time="11.723"/>
  <testcase classname="KSKAcademy.tests.submitOrderTest" name="submitOrder" time="18.918"/>
  <testcase classname="KSKAcademy.tests.submitOrderTest" name="submitOrder" time="21.232"/>
</testsuite> <!-- KSKAcademy.tests.submitOrderTest -->
