<?xml version="1.0" encoding="UTF-8"?>
<!-- Generated by org.testng.reporters.JUnitReportReporter -->
<testsuite hostname="DESKTOP-4IMJ5PC" failures="0" tests="1" name="KSKAcademy.tests.ErrorValidations" time="6.801" errors="0" timestamp="27 Apr 2023 07:15:02 GMT" skipped="0">
  <testcase classname="KSKAcademy.tests.ErrorValidations" name="practiseTest" time="6.801"/>
</testsuite> <!-- KSKAcademy.tests.ErrorValidations -->
