<?xml version="1.0" encoding="UTF-8"?>
<!-- Generated by org.testng.reporters.JUnitReportReporter -->
<testsuite hostname="DESKTOP-4IMJ5PC" failures="0" tests="1" name="KSKAcademy.tests.practise" time="5.146" errors="0" timestamp="27 Apr 2023 06:26:37 GMT" skipped="0">
  <testcase classname="KSKAcademy.tests.practise" name="practiseTest" time="5.146"/>
</testsuite> <!-- KSKAcademy.tests.practise -->
