<?xml version="1.0" encoding="UTF-8"?>
<!-- Generated by org.testng.reporters.JUnitReportReporter -->
<testsuite hostname="DESKTOP-4IMJ5PC" failures="0" tests="2" name="KSKAcademy.tests.ErrorValidationsTest" time="119.904" errors="0" timestamp="24 May 2023 14:51:43 GMT" skipped="0">
  <testcase classname="KSKAcademy.tests.ErrorValidationsTest" name="productErrorValidation" time="91.290"/>
  <testcase classname="KSKAcademy.tests.ErrorValidationsTest" name="loginErrorValidation" time="28.614"/>
</testsuite> <!-- KSKAcademy.tests.ErrorValidationsTest -->
