<?xml version="1.0" encoding="UTF-8"?>
<!-- Generated by org.testng.reporters.JUnitReportReporter -->
<testsuite hostname="DESKTOP-4IMJ5PC" failures="0" tests="3" name="KSKAcademy.tests.submitOrderTest" time="167.517" errors="0" timestamp="24 May 2023 14:51:43 GMT" skipped="0">
  <testcase classname="KSKAcademy.tests.submitOrderTest" name="OrderHistoryTest" time="25.127"/>
  <testcase classname="KSKAcademy.tests.submitOrderTest" name="submitOrder" time="37.027"/>
  <testcase classname="KSKAcademy.tests.submitOrderTest" name="submitOrder" time="105.363"/>
</testsuite> <!-- KSKAcademy.tests.submitOrderTest -->
